C:\Program Files\Microsoft Visual Studio\2022\Community\MSBuild\Microsoft\VC\v170\Microsoft.CppBuild.targets(517,5): warning MSB8004: Output Directory does not end with a trailing slash.  This build instance will add the slash as it is required to allow proper evaluation of the Output Directory.
  reader.cpp
C:\Users\schwarztoter\source\repos\barony-external\mem\handle_hijack.h(191,12): warning C4244: '*=': conversion from 'double' to 'DWORD', possible loss of data
  (compiling source file 'reader/reader.cpp')
  
C:\Users\schwarztoter\source\repos\barony-external\mem\handle_hijack.h(233,29): warning C4312: 'type cast': conversion from 'ULONG' to 'DWORD *' of greater size
  (compiling source file 'reader/reader.cpp')
  
C:\Users\schwarztoter\source\repos\barony-external\mem\memify.h(112,27): warning C4244: '=': conversion from 'uintptr_t' to 'DWORD', possible loss of data
  (compiling source file 'reader/reader.cpp')
  
  main.cpp
C:\Users\schwarztoter\source\repos\barony-external\mem\handle_hijack.h(191,12): warning C4244: '*=': conversion from 'double' to 'DWORD', possible loss of data
  (compiling source file 'source/main.cpp')
  
C:\Users\schwarztoter\source\repos\barony-external\mem\handle_hijack.h(233,29): warning C4312: 'type cast': conversion from 'ULONG' to 'DWORD *' of greater size
  (compiling source file 'source/main.cpp')
  
C:\Users\schwarztoter\source\repos\barony-external\mem\memify.h(112,27): warning C4244: '=': conversion from 'uintptr_t' to 'DWORD', possible loss of data
  (compiling source file 'source/main.cpp')
  
  Generating code
  Previous IPDB not found, fall back to full compilation.
  All 95 functions were compiled because no usable IPDB/IOBJ from previous compilation was found.
  Finished generating code
  barony-external.vcxproj -> C:\Users\schwarztoter\Desktop\exes\barony-external.exe
  'pwsh.exe' is not recognized as an internal or external command,
  operable program or batch file.
