  reader.cpp
C:\Users\schwarztoter\source\repos\barony-external\mem\handle_hijack.h(191,12): warning C4244: '*=': conversion from 'double' to 'DWORD', possible loss of data
  (compiling source file 'reader/reader.cpp')
  
C:\Users\schwarztoter\source\repos\barony-external\mem\handle_hijack.h(233,29): warning C4312: 'type cast': conversion from 'ULONG' to 'DWORD *' of greater size
  (compiling source file 'reader/reader.cpp')
  
C:\Users\schwarztoter\source\repos\barony-external\mem\memify.h(46,22): error C2665: 'std::basic_string_view<char,std::char_traits<char>>::compare': no overloaded function could convert all the argument types
  (compiling source file 'reader/reader.cpp')
      C:\Program Files\Microsoft Visual Studio\2022\Community\VC\Tools\MSVC\14.41.34120\include\__msvc_string_view.hpp(1364,30):
      could be 'int std::basic_string_view<char,std::char_traits<char>>::compare(const std::basic_string_view<char,std::char_traits<char>>) noexcept const'
          C:\Users\schwarztoter\source\repos\barony-external\mem\memify.h(46,22):
          'int std::basic_string_view<char,std::char_traits<char>>::compare(const std::basic_string_view<char,std::char_traits<char>>) noexcept const': cannot convert argument 1 from 'WCHAR [260]' to 'const std::basic_string_view<char,std::char_traits<char>>'
              C:\Users\schwarztoter\source\repos\barony-external\mem\memify.h(46,32):
              'std::basic_string_view<char,std::char_traits<char>>::basic_string_view': no overloaded function could convert all the argument types
                  C:\Program Files\Microsoft Visual Studio\2022\Community\VC\Tools\MSVC\14.41.34120\include\__msvc_string_view.hpp(1177,20):
                  could be 'std::basic_string_view<char,std::char_traits<char>>::basic_string_view(const char *const ) noexcept'
                      C:\Users\schwarztoter\source\repos\barony-external\mem\memify.h(46,32):
                      'std::basic_string_view<char,std::char_traits<char>>::basic_string_view(const char *const ) noexcept': cannot convert argument 1 from 'WCHAR [260]' to 'const char *const '
                          C:\Users\schwarztoter\source\repos\barony-external\mem\memify.h(46,32):
                          Types pointed to are unrelated; conversion requires reinterpret_cast, C-style cast or parenthesized function-style cast
                  C:\Program Files\Microsoft Visual Studio\2022\Community\VC\Tools\MSVC\14.41.34120\include\__msvc_string_view.hpp(1195,5):
                  or       'std::basic_string_view<char,std::char_traits<char>>::basic_string_view(_Iter,_Sent) noexcept(<expr>)'
                  C:\Users\schwarztoter\source\repos\barony-external\mem\memify.h(46,32):
                  while trying to match the argument list '(WCHAR [260])'
      C:\Program Files\Microsoft Visual Studio\2022\Community\VC\Tools\MSVC\14.41.34120\include\__msvc_string_view.hpp(1379,30):
      or       'int std::basic_string_view<char,std::char_traits<char>>::compare(const _Elem *const ) noexcept const'
          with
          [
              _Elem=char
          ]
          C:\Users\schwarztoter\source\repos\barony-external\mem\memify.h(46,22):
          'int std::basic_string_view<char,std::char_traits<char>>::compare(const _Elem *const ) noexcept const': cannot convert argument 1 from 'WCHAR [260]' to 'const _Elem *const '
          with
          [
              _Elem=char
          ]
              C:\Users\schwarztoter\source\repos\barony-external\mem\memify.h(46,32):
              Types pointed to are unrelated; conversion requires reinterpret_cast, C-style cast or parenthesized function-style cast
      C:\Users\schwarztoter\source\repos\barony-external\mem\memify.h(46,22):
      while trying to match the argument list '(WCHAR [260])'
  
C:\Users\schwarztoter\source\repos\barony-external\mem\memify.h(112,27): warning C4244: '=': conversion from 'uintptr_t' to 'DWORD', possible loss of data
  (compiling source file 'reader/reader.cpp')
  
C:\Users\schwarztoter\source\repos\barony-external\mem\memify.h(182,3): error C2664: 'int GetWindowTextW(HWND,LPWSTR,int)': cannot convert argument 2 from 'char [256]' to 'LPWSTR'
  (compiling source file 'reader/reader.cpp')
      C:\Users\schwarztoter\source\repos\barony-external\mem\memify.h(182,26):
      Types pointed to are unrelated; conversion requires reinterpret_cast, C-style cast or parenthesized function-style cast
      C:\Program Files (x86)\Windows Kits\10\Include\10.0.22621.0\um\winuser.h(8950,1):
      see declaration of 'GetWindowTextW'
      C:\Users\schwarztoter\source\repos\barony-external\mem\memify.h(182,3):
      while trying to match the argument list '(HWND, char [256], size_t)'
  
  main.cpp
C:\Users\schwarztoter\source\repos\barony-external\mem\handle_hijack.h(191,12): warning C4244: '*=': conversion from 'double' to 'DWORD', possible loss of data
  (compiling source file 'source/main.cpp')
  
C:\Users\schwarztoter\source\repos\barony-external\mem\handle_hijack.h(233,29): warning C4312: 'type cast': conversion from 'ULONG' to 'DWORD *' of greater size
  (compiling source file 'source/main.cpp')
  
C:\Users\schwarztoter\source\repos\barony-external\mem\memify.h(46,22): error C2665: 'std::basic_string_view<char,std::char_traits<char>>::compare': no overloaded function could convert all the argument types
  (compiling source file 'source/main.cpp')
      C:\Program Files\Microsoft Visual Studio\2022\Community\VC\Tools\MSVC\14.41.34120\include\__msvc_string_view.hpp(1364,30):
      could be 'int std::basic_string_view<char,std::char_traits<char>>::compare(const std::basic_string_view<char,std::char_traits<char>>) noexcept const'
          C:\Users\schwarztoter\source\repos\barony-external\mem\memify.h(46,22):
          'int std::basic_string_view<char,std::char_traits<char>>::compare(const std::basic_string_view<char,std::char_traits<char>>) noexcept const': cannot convert argument 1 from 'WCHAR [260]' to 'const std::basic_string_view<char,std::char_traits<char>>'
              C:\Users\schwarztoter\source\repos\barony-external\mem\memify.h(46,32):
              'std::basic_string_view<char,std::char_traits<char>>::basic_string_view': no overloaded function could convert all the argument types
                  C:\Program Files\Microsoft Visual Studio\2022\Community\VC\Tools\MSVC\14.41.34120\include\__msvc_string_view.hpp(1177,20):
                  could be 'std::basic_string_view<char,std::char_traits<char>>::basic_string_view(const char *const ) noexcept'
                      C:\Users\schwarztoter\source\repos\barony-external\mem\memify.h(46,32):
                      'std::basic_string_view<char,std::char_traits<char>>::basic_string_view(const char *const ) noexcept': cannot convert argument 1 from 'WCHAR [260]' to 'const char *const '
                          C:\Users\schwarztoter\source\repos\barony-external\mem\memify.h(46,32):
                          Types pointed to are unrelated; conversion requires reinterpret_cast, C-style cast or parenthesized function-style cast
                  C:\Program Files\Microsoft Visual Studio\2022\Community\VC\Tools\MSVC\14.41.34120\include\__msvc_string_view.hpp(1195,5):
                  or       'std::basic_string_view<char,std::char_traits<char>>::basic_string_view(_Iter,_Sent) noexcept(<expr>)'
                  C:\Users\schwarztoter\source\repos\barony-external\mem\memify.h(46,32):
                  while trying to match the argument list '(WCHAR [260])'
      C:\Program Files\Microsoft Visual Studio\2022\Community\VC\Tools\MSVC\14.41.34120\include\__msvc_string_view.hpp(1379,30):
      or       'int std::basic_string_view<char,std::char_traits<char>>::compare(const _Elem *const ) noexcept const'
          with
          [
              _Elem=char
          ]
          C:\Users\schwarztoter\source\repos\barony-external\mem\memify.h(46,22):
          'int std::basic_string_view<char,std::char_traits<char>>::compare(const _Elem *const ) noexcept const': cannot convert argument 1 from 'WCHAR [260]' to 'const _Elem *const '
          with
          [
              _Elem=char
          ]
              C:\Users\schwarztoter\source\repos\barony-external\mem\memify.h(46,32):
              Types pointed to are unrelated; conversion requires reinterpret_cast, C-style cast or parenthesized function-style cast
      C:\Users\schwarztoter\source\repos\barony-external\mem\memify.h(46,22):
      while trying to match the argument list '(WCHAR [260])'
  
C:\Users\schwarztoter\source\repos\barony-external\mem\memify.h(112,27): warning C4244: '=': conversion from 'uintptr_t' to 'DWORD', possible loss of data
  (compiling source file 'source/main.cpp')
  
C:\Users\schwarztoter\source\repos\barony-external\mem\memify.h(182,3): error C2664: 'int GetWindowTextW(HWND,LPWSTR,int)': cannot convert argument 2 from 'char [256]' to 'LPWSTR'
  (compiling source file 'source/main.cpp')
      C:\Users\schwarztoter\source\repos\barony-external\mem\memify.h(182,26):
      Types pointed to are unrelated; conversion requires reinterpret_cast, C-style cast or parenthesized function-style cast
      C:\Program Files (x86)\Windows Kits\10\Include\10.0.22621.0\um\winuser.h(8950,1):
      see declaration of 'GetWindowTextW'
      C:\Users\schwarztoter\source\repos\barony-external\mem\memify.h(182,3):
      while trying to match the argument list '(HWND, char [256], size_t)'
  
  Generating Code...
